<?xml version="1.0" encoding="UTF-8"?>
<!-- Generated by org.testng.reporters.JUnitXMLReporter -->
<testsuite ignored="0" hostname="Jatin" failures="0" tests="5" name="Test" time="0.121" errors="0" timestamp="2023-07-27T01:46:12 IST">
  <testcase classname="TestNG.UsingSuitfile" name="homepage" time="0.018"/>
  <testcase classname="TestNG.UsingSuitfile" name="searchpage" time="0.002"/>
  <testcase classname="TestNG.UsingSuitfile" name="loginpage" time="0.002"/>
  <testcase classname="TestNG.UsingSuitfile" name="bookingpage" time="0.002"/>
  <testcase classname="TestNG.UsingSuitfile" name="paymentpage" time="0.003"/>
</testsuite> <!-- Test -->
