<?xml version="1.0" encoding="UTF-8"?>
<testng-results ignored="0" total="5" passed="5" failed="0" skipped="0">
  <reporter-output>
  </reporter-output>
  <suite started-at="2023-07-27T01:46:11 IST" name="Suite" finished-at="2023-07-27T01:46:12 IST" duration-ms="121">
    <groups>
    </groups>
    <test started-at="2023-07-27T01:46:11 IST" name="Test" finished-at="2023-07-27T01:46:12 IST" duration-ms="121">
      <class name="TestNG.UsingSuitfile">
        <test-method signature="homepage()[pri:0, instance:TestNG.UsingSuitfile@f78a47e]" started-at="2023-07-27T01:46:12 IST" name="homepage" finished-at="2023-07-27T01:46:12 IST" duration-ms="18" status="PASS">
          <reporter-output>
          </reporter-output>
        </test-method> <!-- homepage -->
        <test-method signature="searchpage()[pri:0, instance:TestNG.UsingSuitfile@f78a47e]" started-at="2023-07-27T01:46:12 IST" name="searchpage" finished-at="2023-07-27T01:46:12 IST" duration-ms="2" status="PASS">
          <reporter-output>
          </reporter-output>
        </test-method> <!-- searchpage -->
        <test-method signature="loginpage()[pri:0, instance:TestNG.UsingSuitfile@f78a47e]" started-at="2023-07-27T01:46:12 IST" name="loginpage" finished-at="2023-07-27T01:46:12 IST" duration-ms="2" status="PASS">
          <reporter-output>
          </reporter-output>
        </test-method> <!-- loginpage -->
        <test-method signature="bookingpage()[pri:0, instance:TestNG.UsingSuitfile@f78a47e]" started-at="2023-07-27T01:46:12 IST" name="bookingpage" finished-at="2023-07-27T01:46:12 IST" duration-ms="2" status="PASS">
          <reporter-output>
          </reporter-output>
        </test-method> <!-- bookingpage -->
        <test-method signature="paymentpage()[pri:0, instance:TestNG.UsingSuitfile@f78a47e]" started-at="2023-07-27T01:46:12 IST" name="paymentpage" finished-at="2023-07-27T01:46:12 IST" duration-ms="3" status="PASS">
          <reporter-output>
          </reporter-output>
        </test-method> <!-- paymentpage -->
      </class> <!-- TestNG.UsingSuitfile -->
    </test> <!-- Test -->
  </suite> <!-- Suite -->
</testng-results>
